#
# A fatal error has been detected by the Java Runtime Environment:
#
#  EXCEPTION_ACCESS_VIOLATION (0xc0000005) at pc=0x00007ffef5aa7688, pid=2448, tid=4928
#
# JRE version: OpenJDK Runtime Environment (11.0.10) (build 11.0.10+0-b96-7249189)
# Java VM: OpenJDK 64-Bit Server VM (11.0.10+0-b96-7249189, mixed mode, tiered, compressed oops, g1 gc, windows-amd64)
# Problematic frame:
# V  [jvm.dll+0x6b7688]
#
# No core dump will be written. Minidumps are not enabled by default on client versions of Windows
#
# If you would like to submit a bug report, please visit:
#   https://bugreport.java.com/bugreport/crash.jsp
#

---------------  S U M M A R Y ------------

Command Line: org.jetbrains.kotlin.cli.jvm.K2JVMCompiler @C:\Users\Aldair\Desktop\ProyectosAppsMoviles\AppEjemplo1\app\build\20210922_1890946423709585059.compiler.options

Host: Intel(R) Celeron(R) CPU  N3060  @ 1.60GHz, 2 cores, 3G,  Windows 10 , 64 bit Build 19041 (10.0.19041.1202)
Time: Wed Sep 22 10:55:07 2021 Hora verano, Montañas (México) elapsed time: 11.090664 seconds (0d 0h 0m 11s)

---------------  T H R E A D  ---------------

Current thread (0x0000025f3725e000):  JavaThread "main" [_thread_in_vm, id=4928, stack(0x000000feb7700000,0x000000feb7800000)]

Stack: [0x000000feb7700000,0x000000feb7800000],  sp=0x000000feb77fb130,  free space=1004k
Native frames: (J=compiled Java code, j=interpreted, Vv=VM code, C=native code)
V  [jvm.dll+0x6b7688]
V  [jvm.dll+0x6b7330]
V  [jvm.dll+0x6b779a]
V  [jvm.dll+0x1c093a]
V  [jvm.dll+0x1bf4d3]
V  [jvm.dll+0x1c4428]
V  [jvm.dll+0x1b9a74]
V  [jvm.dll+0x4c924b]
V  [jvm.dll+0x6c09bb]
V  [jvm.dll+0x3e2794]
V  [jvm.dll+0x3e6a59]
C  [java.dll+0x19b8]

Java frames: (J=compiled Java code, j=interpreted, Vv=VM code)
J 520  java.lang.ClassLoader.defineClass1(Ljava/lang/ClassLoader;Ljava/lang/String;[BIILjava/security/ProtectionDomain;Ljava/lang/String;)Ljava/lang/Class; java.base@11.0.10 (0 bytes) @ 0x0000025f448225fb [0x0000025f44822540+0x00000000000000bb]
J 481 c1 java.lang.ClassLoader.defineClass(Ljava/lang/String;[BIILjava/security/ProtectionDomain;)Ljava/lang/Class; java.base@11.0.10 (43 bytes) @ 0x0000025f3d3a21e4 [0x0000025f3d3a1ea0+0x0000000000000344]
J 421 c1 jdk.internal.loader.BuiltinClassLoader.defineClass(Ljava/lang/String;Ljdk/internal/loader/Resource;)Ljava/lang/Class; java.base@11.0.10 (121 bytes) @ 0x0000025f3d37b844 [0x0000025f3d37a7c0+0x0000000000001084]
J 355 c1 jdk.internal.loader.BuiltinClassLoader.findClassOnClassPathOrNull(Ljava/lang/String;)Ljava/lang/Class; java.base@11.0.10 (64 bytes) @ 0x0000025f3d3561ac [0x0000025f3d355fc0+0x00000000000001ec]
J 233 c1 jdk.internal.loader.BuiltinClassLoader.loadClassOrNull(Ljava/lang/String;Z)Ljava/lang/Class; java.base@11.0.10 (143 bytes) @ 0x0000025f3d321f9c [0x0000025f3d320e80+0x000000000000111c]
J 324 c1 jdk.internal.loader.ClassLoaders$AppClassLoader.loadClass(Ljava/lang/String;Z)Ljava/lang/Class; java.base@11.0.10 (40 bytes) @ 0x0000025f3d340f84 [0x0000025f3d3409e0+0x00000000000005a4]
J 323 c1 java.lang.ClassLoader.loadClass(Ljava/lang/String;)Ljava/lang/Class; java.base@11.0.10 (7 bytes) @ 0x0000025f3d34063c [0x0000025f3d340540+0x00000000000000fc]
v  ~StubRoutines::call_stub
J 520  java.lang.ClassLoader.defineClass1(Ljava/lang/ClassLoader;Ljava/lang/String;[BIILjava/security/ProtectionDomain;Ljava/lang/String;)Ljava/lang/Class; java.base@11.0.10 (0 bytes) @ 0x0000025f448225fb [0x0000025f44822540+0x00000000000000bb]
J 481 c1 java.lang.ClassLoader.defineClass(Ljava/lang/String;[BIILjava/security/ProtectionDomain;)Ljava/lang/Class; java.base@11.0.10 (43 bytes) @ 0x0000025f3d3a21e4 [0x0000025f3d3a1ea0+0x0000000000000344]
J 421 c1 jdk.internal.loader.BuiltinClassLoader.defineClass(Ljava/lang/String;Ljdk/internal/loader/Resource;)Ljava/lang/Class; java.base@11.0.10 (121 bytes) @ 0x0000025f3d37b844 [0x0000025f3d37a7c0+0x0000000000001084]
J 355 c1 jdk.internal.loader.BuiltinClassLoader.findClassOnClassPathOrNull(Ljava/lang/String;)Ljava/lang/Class; java.base@11.0.10 (64 bytes) @ 0x0000025f3d3561ac [0x0000025f3d355fc0+0x00000000000001ec]
J 233 c1 jdk.internal.loader.BuiltinClassLoader.loadClassOrNull(Ljava/lang/String;Z)Ljava/lang/Class; java.base@11.0.10 (143 bytes) @ 0x0000025f3d321f9c [0x0000025f3d320e80+0x000000000000111c]
J 324 c1 jdk.internal.loader.ClassLoaders$AppClassLoader.loadClass(Ljava/lang/String;Z)Ljava/lang/Class; java.base@11.0.10 (40 bytes) @ 0x0000025f3d340f84 [0x0000025f3d3409e0+0x00000000000005a4]
J 323 c1 java.lang.ClassLoader.loadClass(Ljava/lang/String;)Ljava/lang/Class; java.base@11.0.10 (7 bytes) @ 0x0000025f3d34063c [0x0000025f3d340540+0x00000000000000fc]
v  ~StubRoutines::call_stub
j  org.jetbrains.kotlin.com.intellij.openapi.util.ObjectTree.<init>()V+16
j  org.jetbrains.kotlin.com.intellij.openapi.util.Disposer.<clinit>()V+4
v  ~StubRoutines::call_stub
j  org.jetbrains.kotlin.cli.common.CLICompiler.execImpl(Lorg/jetbrains/kotlin/cli/common/messages/MessageCollector;Lorg/jetbrains/kotlin/config/Services;Lorg/jetbrains/kotlin/cli/common/arguments/CommonCompilerArguments;)Lorg/jetbrains/kotlin/cli/common/ExitCode;+202
j  org.jetbrains.kotlin.cli.common.CLICompiler.execImpl(Lorg/jetbrains/kotlin/cli/common/messages/MessageCollector;Lorg/jetbrains/kotlin/config/Services;Lorg/jetbrains/kotlin/cli/common/arguments/CommonToolArguments;)Lorg/jetbrains/kotlin/cli/common/ExitCode;+7
j  org.jetbrains.kotlin.cli.common.CLITool.exec(Lorg/jetbrains/kotlin/cli/common/messages/MessageCollector;Lorg/jetbrains/kotlin/config/Services;Lorg/jetbrains/kotlin/cli/common/arguments/CommonToolArguments;)Lorg/jetbrains/kotlin/cli/common/ExitCode;+76
j  org.jetbrains.kotlin.cli.common.CLITool.exec(Ljava/io/PrintStream;Lorg/jetbrains/kotlin/config/Services;Lorg/jetbrains/kotlin/cli/common/messages/MessageRenderer;[Ljava/lang/String;)Lorg/jetbrains/kotlin/cli/common/ExitCode;+209
j  org.jetbrains.kotlin.cli.common.CLITool.exec(Ljava/io/PrintStream;Lorg/jetbrains/kotlin/cli/common/messages/MessageRenderer;[Ljava/lang/String;)Lorg/jetbrains/kotlin/cli/common/ExitCode;+25
j  org.jetbrains.kotlin.cli.common.CLITool$Companion.doMainNoExit(Lorg/jetbrains/kotlin/cli/common/CLITool;[Ljava/lang/String;Lorg/jetbrains/kotlin/cli/common/messages/MessageRenderer;)Lorg/jetbrains/kotlin/cli/common/ExitCode;+44
j  org.jetbrains.kotlin.cli.common.CLITool$Companion.doMainNoExit$default(Lorg/jetbrains/kotlin/cli/common/CLITool$Companion;Lorg/jetbrains/kotlin/cli/common/CLITool;[Ljava/lang/String;Lorg/jetbrains/kotlin/cli/common/messages/MessageRenderer;ILjava/lang/Object;)Lorg/jetbrains/kotlin/cli/common/ExitCode;+16
j  org.jetbrains.kotlin.cli.common.CLITool$Companion.doMain(Lorg/jetbrains/kotlin/cli/common/CLITool;[Ljava/lang/String;)V+54
j  org.jetbrains.kotlin.cli.jvm.K2JVMCompiler$Companion.main([Ljava/lang/String;)V+20
j  org.jetbrains.kotlin.cli.jvm.K2JVMCompiler.main([Ljava/lang/String;)V+4
v  ~StubRoutines::call_stub

siginfo: EXCEPTION_ACCESS_VIOLATION (0xc0000005), reading address 0x0000000000000200


Register to memory mapping:

RIP=0x00007ffef5aa7688 jvm.dll
RAX=0x0000025f508c0080 points into unknown readable memory: 0x0000025f50dbbc30 | 30 bc db 50 5f 02 00 00
RBX=0x000000001cb9142a is an unknown value
RCX=0x0000025f392826d0 points into unknown readable memory: 0x0000000000004e2b | 2b 4e 00 00 00 00 00 00
RDX=0x000000000000194f is an unknown value
RSP=0x000000feb77fb130 is pointing into the stack for thread: 0x0000025f3725e000
RBP=0x0000025f392826d0 points into unknown readable memory: 0x0000000000004e2b | 2b 4e 00 00 00 00 00 00
RSI=0x0000025f5163cf81 points into unknown readable memory: 4c 6f 72 67 2f 6a 65
RDI=0x000000001cb9142a is an unknown value
R8 =0x0000025f5163cf81 points into unknown readable memory: 4c 6f 72 67 2f 6a 65
R9 =0x0000000000000058 is an unknown value
R10=0x0000000000000200 is an unknown value
R11=0x0000000000000002 is an unknown value
R12=0x000000000000007f is an unknown value
R13=0x0000025f52f7ec78 is pointing into metadata
R14=0x000000000000194f is an unknown value
R15=0x0000025f392826d0 points into unknown readable memory: 0x0000000000004e2b | 2b 4e 00 00 00 00 00 00


Registers:
RAX=0x0000025f508c0080, RBX=0x000000001cb9142a, RCX=0x0000025f392826d0, RDX=0x000000000000194f
RSP=0x000000feb77fb130, RBP=0x0000025f392826d0, RSI=0x0000025f5163cf81, RDI=0x000000001cb9142a
R8 =0x0000025f5163cf81, R9 =0x0000000000000058, R10=0x0000000000000200, R11=0x0000000000000002
R12=0x000000000000007f, R13=0x0000025f52f7ec78, R14=0x000000000000194f, R15=0x0000025f392826d0
RIP=0x00007ffef5aa7688, EFLAGS=0x0000000000010202

Top of Stack: (sp=0x000000feb77fb130)
0x000000feb77fb130:   000000feb77fb2e8 0000025f50c7af20
0x000000feb77fb140:   0000000000000008 0000025f3725e000
0x000000feb77fb150:   0000000000000058 00007ffef5aa7330
0x000000feb77fb160:   000000001cb9142a 000000feb77fb2f0
0x000000feb77fb170:   0000025f5163cf81 000000000000008d
0x000000feb77fb180:   000000fe1cb9142a 000000feb77fb2e8
0x000000feb77fb190:   000000000000007f 0000025f5163cf81
0x000000feb77fb1a0:   0000025f5163cf81 00007ffef5aa779a
0x000000feb77fb1b0:   0000025f5163cf81 0000000000000058
0x000000feb77fb1c0:   000000feb77fb288 000000feb77fb690
0x000000feb77fb1d0:   0000025f1cb9142a 0000025f3725e000
0x000000feb77fb1e0:   0000000000000058 00007ffef55b093a
0x000000feb77fb1f0:   0000000000000058 0000025f3725e000
0x000000feb77fb200:   000000feb77fb2f0 0000025f3725e000
0x000000feb77fb210:   000000feb77fb2e8 000000feb77fb2c8
0x000000feb77fb220:   000000feb77fb2a8 0000025f392826d0 

Instructions: (pc=0x00007ffef5aa7688)
0x00007ffef5aa7588:   8b cf 49 2b df 0f 1f 00 0f b6 04 0b 88 01 48 8d
0x00007ffef5aa7598:   49 01 48 83 ea 01 75 f0 48 8b 1d 51 30 35 00 49
0x00007ffef5aa75a8:   8b d5 48 8b cb e8 fe 83 f0 ff 8b 54 24 40 44 8b
0x00007ffef5aa75b8:   cd 48 8b 0d 20 c8 35 00 4d 8b c7 4c 89 6c 24 30
0x00007ffef5aa75c8:   c6 44 24 28 01 89 7c 24 20 e8 1a f6 ff ff 48 8b
0x00007ffef5aa75d8:   cb 48 8b f8 e8 af 83 f0 ff 49 83 3e 00 4c 8b bc
0x00007ffef5aa75e8:   24 f8 00 00 00 74 15 48 8b 54 24 48 48 8b ce e8
0x00007ffef5aa75f8:   d4 57 a0 ff 49 8b ce e8 7c 56 a0 ff 48 8b 44 24
0x00007ffef5aa7608:   50 48 89 46 20 48 8b c7 4c 89 76 10 4c 8b b4 24
0x00007ffef5aa7618:   00 01 00 00 4c 89 66 18 48 8b b4 24 10 01 00 00
0x00007ffef5aa7628:   4c 8b a4 24 08 01 00 00 48 8b 8c 24 e0 00 00 00
0x00007ffef5aa7638:   48 33 cc e8 00 40 09 00 48 81 c4 18 01 00 00 41
0x00007ffef5aa7648:   5d 5f 5d 5b c3 cc cc cc 48 89 5c 24 08 48 89 6c
0x00007ffef5aa7658:   24 10 48 89 74 24 18 57 48 83 ec 20 48 8b 41 08
0x00007ffef5aa7668:   45 33 db 48 63 d2 49 8b f0 48 8b e9 4c 8b 14 d0
0x00007ffef5aa7678:   4d 85 d2 0f 84 7c 00 00 00 8b 7c 24 50 41 ff c3
0x00007ffef5aa7688:   41 39 3a 75 46 49 8b 5a 10 0f b7 03 41 3b c1 75
0x00007ffef5aa7698:   3a 8b d0 85 c0 74 27 48 03 c6 4c 8b c3 4c 2b c6
0x00007ffef5aa76a8:   0f 1f 84 00 00 00 00 00 41 0f b6 4c 00 05 48 8d
0x00007ffef5aa76b8:   40 ff 48 ff ca 38 08 75 12 48 85 d2 7f ea 48 8b
0x00007ffef5aa76c8:   cb e8 a2 e8 ff ff 48 8b c3 eb 2c 4d 8b 52 08 49
0x00007ffef5aa76d8:   83 e2 fe 75 a8 41 83 fb 64 7c 1a 44 38 15 fe c6
0x00007ffef5aa76e8:   35 00 75 11 41 8b d3 48 8b cd e8 e9 69 c8 ff 88
0x00007ffef5aa76f8:   05 eb c6 35 00 33 c0 48 8b 5c 24 30 48 8b 6c 24
0x00007ffef5aa7708:   38 48 8b 74 24 40 48 83 c4 20 5f c3 cc cc cc cc
0x00007ffef5aa7718:   cc cc cc cc cc cc cc cc 48 89 5c 24 08 48 89 74
0x00007ffef5aa7728:   24 10 57 48 83 ec 30 8b 05 5b 00 34 00 49 8b f0
0x00007ffef5aa7738:   8b da 48 8b f9 44 8b c2 85 c0 74 0f 8b c8 48 8b
0x00007ffef5aa7748:   d7 e8 e2 c5 9f ff 44 8b c8 eb 26 45 33 c9 48 8b
0x00007ffef5aa7758:   c7 85 db 7e 1c 0f 1f 00 0f be 08 48 8d 40 01 45
0x00007ffef5aa7768:   6b c9 1f 41 ff c8 0f b6 d1 44 03 ca 45 85 c0 7f
0x00007ffef5aa7778:   e7 44 89 0e 41 8b c1 48 8b 0d 5a c6 35 00 33 d2 


Stack slot to memory mapping:
stack at sp + 0 slots: 0x000000feb77fb2e8 is pointing into the stack for thread: 0x0000025f3725e000
stack at sp + 1 slots: 0x0000025f50c7af20 points into unknown readable memory: 0x0000025f50c2d148 | 48 d1 c2 50 5f 02 00 00
stack at sp + 2 slots: 0x0000000000000008 is an unknown value
stack at sp + 3 slots: 0x0000025f3725e000 is a thread
stack at sp + 4 slots: 0x0000000000000058 is an unknown value
stack at sp + 5 slots: 0x00007ffef5aa7330 jvm.dll
stack at sp + 6 slots: 0x000000001cb9142a is an unknown value
stack at sp + 7 slots: 0x000000feb77fb2f0 is pointing into the stack for thread: 0x0000025f3725e000


---------------  P R O C E S S  ---------------

Threads class SMR info:
_java_thread_list=0x0000025f50cf5fc0, length=10, elements={
0x0000025f3725e000, 0x0000025f50a1d800, 0x0000025f50a1e800, 0x0000025f50a3c800,
0x0000025f50a3d800, 0x0000025f50a3f800, 0x0000025f50a41000, 0x0000025f50c0c000,
0x0000025f50c15800, 0x0000025f50d06000
}

Java Threads: ( => current thread )
=>0x0000025f3725e000 JavaThread "main" [_thread_in_vm, id=4928, stack(0x000000feb7700000,0x000000feb7800000)]
  0x0000025f50a1d800 JavaThread "Reference Handler" daemon [_thread_blocked, id=9232, stack(0x000000feb7e00000,0x000000feb7f00000)]
  0x0000025f50a1e800 JavaThread "Finalizer" daemon [_thread_blocked, id=9180, stack(0x000000feb7f00000,0x000000feb8000000)]
  0x0000025f50a3c800 JavaThread "Signal Dispatcher" daemon [_thread_blocked, id=9544, stack(0x000000feb8000000,0x000000feb8100000)]
  0x0000025f50a3d800 JavaThread "Attach Listener" daemon [_thread_blocked, id=5664, stack(0x000000feb8100000,0x000000feb8200000)]
  0x0000025f50a3f800 JavaThread "Service Thread" daemon [_thread_blocked, id=8092, stack(0x000000feb8200000,0x000000feb8300000)]
  0x0000025f50a41000 JavaThread "C2 CompilerThread0" daemon [_thread_blocked, id=8648, stack(0x000000feb8300000,0x000000feb8400000)]
  0x0000025f50c0c000 JavaThread "C1 CompilerThread0" daemon [_thread_blocked, id=9872, stack(0x000000feb8400000,0x000000feb8500000)]
  0x0000025f50c15800 JavaThread "Sweeper thread" daemon [_thread_blocked, id=11684, stack(0x000000feb8500000,0x000000feb8600000)]
  0x0000025f50d06000 JavaThread "Common-Cleaner" daemon [_thread_blocked, id=4044, stack(0x000000feb8700000,0x000000feb8800000)]

Other Threads:
  0x0000025f509f6000 VMThread "VM Thread" [stack: 0x000000feb7d00000,0x000000feb7e00000] [id=10220]
  0x0000025f50cfd800 WatcherThread [stack: 0x000000feb8600000,0x000000feb8700000] [id=3384]
  0x0000025f39265000 GCTaskThread "GC Thread#0" [stack: 0x000000feb7800000,0x000000feb7900000] [id=2472]
  0x0000025f50eca800 GCTaskThread "GC Thread#1" [stack: 0x000000feb8800000,0x000000feb8900000] [id=9972]
  0x0000025f3927e800 ConcurrentGCThread "G1 Main Marker" [stack: 0x000000feb7900000,0x000000feb7a00000] [id=2944]
  0x0000025f39280000 ConcurrentGCThread "G1 Conc#0" [stack: 0x000000feb7a00000,0x000000feb7b00000] [id=3688]
  0x0000025f392ce800 ConcurrentGCThread "G1 Refine#0" [stack: 0x000000feb7b00000,0x000000feb7c00000] [id=6124]
  0x0000025f392cf800 ConcurrentGCThread "G1 Young RemSet Sampling" [stack: 0x000000feb7c00000,0x000000feb7d00000] [id=12044]

Threads with active compile tasks:

VM state:synchronizing (normal execution)

VM Mutex/Monitor currently owned by a thread:  ([mutex/lock_event])
[0x0000025f3725b950] Threads_lock - owner thread: 0x0000025f509f6000

Heap address: 0x00000000c1400000, size: 1004 MB, Compressed Oops mode: 32-bit
Narrow klass base: 0x0000000000000000, Narrow klass shift: 3
Compressed class space size: 1073741824 Address: 0x0000000100000000

Heap:
 garbage-first heap   total 65536K, used 12947K [0x00000000c1400000, 0x0000000100000000)
  region size 1024K, 10 young (10240K), 5 survivors (5120K)
 Metaspace       used 17836K, capacity 17953K, committed 18304K, reserved 1064960K
  class space    used 1752K, capacity 1807K, committed 1920K, reserved 1048576K
Heap Regions: E=young(eden), S=young(survivor), O=old, HS=humongous(starts), HC=humongous(continues), CS=collection set, F=free, A=archive, TAMS=top-at-mark-start (previous, next)
|   0|0x00000000c1400000, 0x00000000c1500000, 0x00000000c1500000|100%|HS|  |TAMS 0x00000000c1400000, 0x00000000c1400000| Complete 
|   1|0x00000000c1500000, 0x00000000c1600000, 0x00000000c1600000|100%|HC|  |TAMS 0x00000000c1500000, 0x00000000c1500000| Complete 
|   2|0x00000000c1600000, 0x00000000c1700000, 0x00000000c1700000|100%|HC|  |TAMS 0x00000000c1600000, 0x00000000c1600000| Complete 
|   3|0x00000000c1700000, 0x00000000c17cc600, 0x00000000c1800000| 79%| O|  |TAMS 0x00000000c1700000, 0x00000000c1700000| Untracked 
|   4|0x00000000c1800000, 0x00000000c1800000, 0x00000000c1900000|  0%| F|  |TAMS 0x00000000c1800000, 0x00000000c1800000| Untracked 
|   5|0x00000000c1900000, 0x00000000c1900000, 0x00000000c1a00000|  0%| F|  |TAMS 0x00000000c1900000, 0x00000000c1900000| Untracked 
|   6|0x00000000c1a00000, 0x00000000c1a00000, 0x00000000c1b00000|  0%| F|  |TAMS 0x00000000c1a00000, 0x00000000c1a00000| Untracked 
|   7|0x00000000c1b00000, 0x00000000c1b00000, 0x00000000c1c00000|  0%| F|  |TAMS 0x00000000c1b00000, 0x00000000c1b00000| Untracked 
|   8|0x00000000c1c00000, 0x00000000c1c00000, 0x00000000c1d00000|  0%| F|  |TAMS 0x00000000c1c00000, 0x00000000c1c00000| Untracked 
|   9|0x00000000c1d00000, 0x00000000c1d00000, 0x00000000c1e00000|  0%| F|  |TAMS 0x00000000c1d00000, 0x00000000c1d00000| Untracked 
|  10|0x00000000c1e00000, 0x00000000c1e00000, 0x00000000c1f00000|  0%| F|  |TAMS 0x00000000c1e00000, 0x00000000c1e00000| Untracked 
|  11|0x00000000c1f00000, 0x00000000c1f00000, 0x00000000c2000000|  0%| F|  |TAMS 0x00000000c1f00000, 0x00000000c1f00000| Untracked 
|  12|0x00000000c2000000, 0x00000000c2000000, 0x00000000c2100000|  0%| F|  |TAMS 0x00000000c2000000, 0x00000000c2000000| Untracked 
|  13|0x00000000c2100000, 0x00000000c2100000, 0x00000000c2200000|  0%| F|  |TAMS 0x00000000c2100000, 0x00000000c2100000| Untracked 
|  14|0x00000000c2200000, 0x00000000c2200000, 0x00000000c2300000|  0%| F|  |TAMS 0x00000000c2200000, 0x00000000c2200000| Untracked 
|  15|0x00000000c2300000, 0x00000000c2300000, 0x00000000c2400000|  0%| F|  |TAMS 0x00000000c2300000, 0x00000000c2300000| Untracked 
|  16|0x00000000c2400000, 0x00000000c2400000, 0x00000000c2500000|  0%| F|  |TAMS 0x00000000c2400000, 0x00000000c2400000| Untracked 
|  17|0x00000000c2500000, 0x00000000c2500000, 0x00000000c2600000|  0%| F|  |TAMS 0x00000000c2500000, 0x00000000c2500000| Untracked 
|  18|0x00000000c2600000, 0x00000000c2600000, 0x00000000c2700000|  0%| F|  |TAMS 0x00000000c2600000, 0x00000000c2600000| Untracked 
|  19|0x00000000c2700000, 0x00000000c2700000, 0x00000000c2800000|  0%| F|  |TAMS 0x00000000c2700000, 0x00000000c2700000| Untracked 
|  20|0x00000000c2800000, 0x00000000c2800000, 0x00000000c2900000|  0%| F|  |TAMS 0x00000000c2800000, 0x00000000c2800000| Untracked 
|  21|0x00000000c2900000, 0x00000000c29d8940, 0x00000000c2a00000| 84%| S|CS|TAMS 0x00000000c2900000, 0x00000000c2900000| Complete 
|  22|0x00000000c2a00000, 0x00000000c2b00000, 0x00000000c2b00000|100%| S|CS|TAMS 0x00000000c2a00000, 0x00000000c2a00000| Complete 
|  23|0x00000000c2b00000, 0x00000000c2c00000, 0x00000000c2c00000|100%| S|CS|TAMS 0x00000000c2b00000, 0x00000000c2b00000| Complete 
|  24|0x00000000c2c00000, 0x00000000c2d00000, 0x00000000c2d00000|100%| S|CS|TAMS 0x00000000c2c00000, 0x00000000c2c00000| Complete 
|  25|0x00000000c2d00000, 0x00000000c2e00000, 0x00000000c2e00000|100%| S|CS|TAMS 0x00000000c2d00000, 0x00000000c2d00000| Complete 
|  26|0x00000000c2e00000, 0x00000000c2e00000, 0x00000000c2f00000|  0%| F|  |TAMS 0x00000000c2e00000, 0x00000000c2e00000| Untracked 
|  27|0x00000000c2f00000, 0x00000000c2f00000, 0x00000000c3000000|  0%| F|  |TAMS 0x00000000c2f00000, 0x00000000c2f00000| Untracked 
|  28|0x00000000c3000000, 0x00000000c3000000, 0x00000000c3100000|  0%| F|  |TAMS 0x00000000c3000000, 0x00000000c3000000| Untracked 
|  29|0x00000000c3100000, 0x00000000c3100000, 0x00000000c3200000|  0%| F|  |TAMS 0x00000000c3100000, 0x00000000c3100000| Untracked 
|  30|0x00000000c3200000, 0x00000000c3200000, 0x00000000c3300000|  0%| F|  |TAMS 0x00000000c3200000, 0x00000000c3200000| Untracked 
|  31|0x00000000c3300000, 0x00000000c3300000, 0x00000000c3400000|  0%| F|  |TAMS 0x00000000c3300000, 0x00000000c3300000| Untracked 
|  32|0x00000000c3400000, 0x00000000c3400000, 0x00000000c3500000|  0%| F|  |TAMS 0x00000000c3400000, 0x00000000c3400000| Untracked 
|  33|0x00000000c3500000, 0x00000000c3500000, 0x00000000c3600000|  0%| F|  |TAMS 0x00000000c3500000, 0x00000000c3500000| Untracked 
|  34|0x00000000c3600000, 0x00000000c3600000, 0x00000000c3700000|  0%| F|  |TAMS 0x00000000c3600000, 0x00000000c3600000| Untracked 
|  35|0x00000000c3700000, 0x00000000c3700000, 0x00000000c3800000|  0%| F|  |TAMS 0x00000000c3700000, 0x00000000c3700000| Untracked 
|  36|0x00000000c3800000, 0x00000000c3800000, 0x00000000c3900000|  0%| F|  |TAMS 0x00000000c3800000, 0x00000000c3800000| Untracked 
|  37|0x00000000c3900000, 0x00000000c3900000, 0x00000000c3a00000|  0%| F|  |TAMS 0x00000000c3900000, 0x00000000c3900000| Untracked 
|  38|0x00000000c3a00000, 0x00000000c3a00000, 0x00000000c3b00000|  0%| F|  |TAMS 0x00000000c3a00000, 0x00000000c3a00000| Untracked 
|  39|0x00000000c3b00000, 0x00000000c3b00000, 0x00000000c3c00000|  0%| F|  |TAMS 0x00000000c3b00000, 0x00000000c3b00000| Untracked 
|  40|0x00000000c3c00000, 0x00000000c3c00000, 0x00000000c3d00000|  0%| F|  |TAMS 0x00000000c3c00000, 0x00000000c3c00000| Untracked 
|  41|0x00000000c3d00000, 0x00000000c3d00000, 0x00000000c3e00000|  0%| F|  |TAMS 0x00000000c3d00000, 0x00000000c3d00000| Untracked 
|  42|0x00000000c3e00000, 0x00000000c3e00000, 0x00000000c3f00000|  0%| F|  |TAMS 0x00000000c3e00000, 0x00000000c3e00000| Untracked 
|  43|0x00000000c3f00000, 0x00000000c3f00000, 0x00000000c4000000|  0%| F|  |TAMS 0x00000000c3f00000, 0x00000000c3f00000| Untracked 
|  44|0x00000000c4000000, 0x00000000c4000000, 0x00000000c4100000|  0%| F|  |TAMS 0x00000000c4000000, 0x00000000c4000000| Untracked 
|  45|0x00000000c4100000, 0x00000000c4100000, 0x00000000c4200000|  0%| F|  |TAMS 0x00000000c4100000, 0x00000000c4100000| Untracked 
|  46|0x00000000c4200000, 0x00000000c4200000, 0x00000000c4300000|  0%| F|  |TAMS 0x00000000c4200000, 0x00000000c4200000| Untracked 
|  47|0x00000000c4300000, 0x00000000c4300000, 0x00000000c4400000|  0%| F|  |TAMS 0x00000000c4300000, 0x00000000c4300000| Untracked 
|  48|0x00000000c4400000, 0x00000000c4400000, 0x00000000c4500000|  0%| F|  |TAMS 0x00000000c4400000, 0x00000000c4400000| Untracked 
|  49|0x00000000c4500000, 0x00000000c4500000, 0x00000000c4600000|  0%| F|  |TAMS 0x00000000c4500000, 0x00000000c4500000| Untracked 
|  50|0x00000000c4600000, 0x00000000c4600000, 0x00000000c4700000|  0%| F|  |TAMS 0x00000000c4600000, 0x00000000c4600000| Untracked 
|  51|0x00000000c4700000, 0x00000000c4700000, 0x00000000c4800000|  0%| F|  |TAMS 0x00000000c4700000, 0x00000000c4700000| Untracked 
|  52|0x00000000c4800000, 0x00000000c4800000, 0x00000000c4900000|  0%| F|  |TAMS 0x00000000c4800000, 0x00000000c4800000| Untracked 
|  53|0x00000000c4900000, 0x00000000c4900000, 0x00000000c4a00000|  0%| F|  |TAMS 0x00000000c4900000, 0x00000000c4900000| Untracked 
|  54|0x00000000c4a00000, 0x00000000c4a00000, 0x00000000c4b00000|  0%| F|  |TAMS 0x00000000c4a00000, 0x00000000c4a00000| Untracked 
|  55|0x00000000c4b00000, 0x00000000c4b00000, 0x00000000c4c00000|  0%| F|  |TAMS 0x00000000c4b00000, 0x00000000c4b00000| Untracked 
|  56|0x00000000c4c00000, 0x00000000c4c00000, 0x00000000c4d00000|  0%| F|  |TAMS 0x00000000c4c00000, 0x00000000c4c00000| Untracked 
|  57|0x00000000c4d00000, 0x00000000c4d00000, 0x00000000c4e00000|  0%| F|  |TAMS 0x00000000c4d00000, 0x00000000c4d00000| Untracked 
|  58|0x00000000c4e00000, 0x00000000c4e00000, 0x00000000c4f00000|  0%| F|  |TAMS 0x00000000c4e00000, 0x00000000c4e00000| Untracked 
|  59|0x00000000c4f00000, 0x00000000c4f48370, 0x00000000c5000000| 28%| E|  |TAMS 0x00000000c4f00000, 0x00000000c4f00000| Complete 
|  60|0x00000000c5000000, 0x00000000c5100000, 0x00000000c5100000|100%| E|CS|TAMS 0x00000000c5000000, 0x00000000c5000000| Complete 
|  61|0x00000000c5100000, 0x00000000c5200000, 0x00000000c5200000|100%| E|CS|TAMS 0x00000000c5100000, 0x00000000c5100000| Complete 
|  62|0x00000000c5200000, 0x00000000c5300000, 0x00000000c5300000|100%| E|CS|TAMS 0x00000000c5200000, 0x00000000c5200000| Complete 
|  63|0x00000000c5300000, 0x00000000c5400000, 0x00000000c5400000|100%| E|CS|TAMS 0x00000000c5300000, 0x00000000c5300000| Complete 

Card table byte_map: [0x0000025f39030000,0x0000025f39230000] _byte_map_base: 0x0000025f38a26000

Marking Bits (Prev, Next): (CMBitMap*) 0x0000025f39279cd8, (CMBitMap*) 0x0000025f39279d10
 Prev Bits: [0x0000025f4bf40000, 0x0000025f4cef0000)
 Next Bits: [0x0000025f4cef0000, 0x0000025f4dea0000)

Polling page: 0x0000025f37100000

Metaspace:

Usage:
  Non-class:     15.77 MB capacity,    15.71 MB (>99%) used,    43.26 KB ( <1%) free+waste,    18.94 KB ( <1%) overhead. 
      Class:      1.76 MB capacity,     1.71 MB ( 97%) used,    47.20 KB (  3%) free+waste,     7.13 KB ( <1%) overhead. 
       Both:     17.53 MB capacity,    17.42 MB (>99%) used,    90.45 KB ( <1%) free+waste,    26.06 KB ( <1%) overhead. 

Virtual space:
  Non-class space:       16.00 MB reserved,      16.00 MB (100%) committed 
      Class space:        1.00 GB reserved,       1.88 MB ( <1%) committed 
             Both:        1.02 GB reserved,      17.88 MB (  2%) committed 

Chunk freelists:
   Non-Class:  46.00 KB
       Class:  17.00 KB
        Both:  63.00 KB

MaxMetaspaceSize: 17179869184.00 GB
CompressedClassSpaceSize: 1.00 GB

CodeHeap 'non-profiled nmethods': size=120064Kb used=464Kb max_used=464Kb free=119599Kb
 bounds [0x0000025f44800000, 0x0000025f44a70000, 0x0000025f4bd40000]
CodeHeap 'profiled nmethods': size=120000Kb used=3482Kb max_used=3482Kb free=116517Kb
 bounds [0x0000025f3d2d0000, 0x0000025f3d640000, 0x0000025f44800000]
CodeHeap 'non-nmethods': size=5696Kb used=1110Kb max_used=1126Kb free=4585Kb
 bounds [0x0000025f3cd40000, 0x0000025f3cfb0000, 0x0000025f3d2d0000]
 total_blobs=2080 nmethods=1643 adapters=349
 compilation: enabled
              stopped_count=0, restarted_count=0
 full_count=0

Compilation events (20 events):
Event: 10.484 Thread 0x0000025f50a41000 nmethod 1633 0x0000025f44871890 code [0x0000025f44871a20, 0x0000025f44871ab8]
Event: 10.485 Thread 0x0000025f50c0c000 nmethod 1632 0x0000025f3d62f190 code [0x0000025f3d62f500, 0x0000025f3d6307a8]
Event: 10.488 Thread 0x0000025f50a41000 1634 % !   4       java.util.concurrent.ConcurrentHashMap::transfer @ 96 (828 bytes)
Event: 10.514 Thread 0x0000025f50c0c000 1635       3       java.util.regex.Pattern$Node::<init> (12 bytes)
Event: 10.514 Thread 0x0000025f50c0c000 nmethod 1635 0x0000025f3d630e10 code [0x0000025f3d630fc0, 0x0000025f3d631178]
Event: 10.526 Thread 0x0000025f50c0c000 1637       3       java.net.URI::match (56 bytes)
Event: 10.526 Thread 0x0000025f50c0c000 nmethod 1637 0x0000025f3d631210 code [0x0000025f3d6313c0, 0x0000025f3d631678]
Event: 10.526 Thread 0x0000025f50c0c000 1638       3       sun.nio.fs.WindowsPathParser::nextNonSlash (24 bytes)
Event: 10.528 Thread 0x0000025f50c0c000 nmethod 1638 0x0000025f3d631710 code [0x0000025f3d631940, 0x0000025f3d632098]
Event: 10.559 Thread 0x0000025f50a41000 nmethod 1634% 0x0000025f44871b90 code [0x0000025f44871d60, 0x0000025f44873168]
Event: 10.559 Thread 0x0000025f50a41000 1636       4       java.lang.String::indexOf (7 bytes)
Event: 10.568 Thread 0x0000025f50a41000 nmethod 1636 0x0000025f44873990 code [0x0000025f44873b20, 0x0000025f44873d18]
Event: 10.568 Thread 0x0000025f50a41000 1639       4       jdk.internal.loader.URLClassPath$JarLoader$2::getCodeSourceURL (8 bytes)
Event: 10.569 Thread 0x0000025f50a41000 nmethod 1639 0x0000025f44873e90 code [0x0000025f44874020, 0x0000025f44874098]
Event: 10.579 Thread 0x0000025f50c0c000 1640   !   3       sun.nio.fs.WindowsPath::initOffsets (153 bytes)
Event: 10.585 Thread 0x0000025f50c0c000 nmethod 1640 0x0000025f3d632390 code [0x0000025f3d632820, 0x0000025f3d635228]
Event: 10.742 Thread 0x0000025f50c0c000 1642       3       sun.invoke.util.Wrapper::forBasicType (16 bytes)
Event: 10.743 Thread 0x0000025f50c0c000 nmethod 1642 0x0000025f3d636210 code [0x0000025f3d6363e0, 0x0000025f3d636568]
Event: 10.793 Thread 0x0000025f50c0c000 1643       3       jdk.internal.org.objectweb.asm.ClassWriter::put122 (15 bytes)
Event: 10.794 Thread 0x0000025f50c0c000 nmethod 1643 0x0000025f3d636610 code [0x0000025f3d6367e0, 0x0000025f3d636978]

GC Heap History (4 events):
Event: 2.616 GC heap before
{Heap before GC invocations=0 (full 0):
 garbage-first heap   total 65536K, used 9216K [0x00000000c1400000, 0x0000000100000000)
  region size 1024K, 7 young (7168K), 0 survivors (0K)
 Metaspace       used 6956K, capacity 7052K, committed 7296K, reserved 1056768K
  class space    used 592K, capacity 627K, committed 640K, reserved 1048576K
}
Event: 2.651 GC heap after
{Heap after GC invocations=1 (full 0):
 garbage-first heap   total 65536K, used 4913K [0x00000000c1400000, 0x0000000100000000)
  region size 1024K, 1 young (1024K), 1 survivors (1024K)
 Metaspace       used 6956K, capacity 7052K, committed 7296K, reserved 1056768K
  class space    used 592K, capacity 627K, committed 640K, reserved 1048576K
}
Event: 9.728 GC heap before
{Heap before GC invocations=1 (full 0):
 garbage-first heap   total 65536K, used 43825K [0x00000000c1400000, 0x0000000100000000)
  region size 1024K, 38 young (38912K), 1 survivors (1024K)
 Metaspace       used 15855K, capacity 16000K, committed 16256K, reserved 1064960K
  class space    used 1529K, capacity 1578K, committed 1664K, reserved 1048576K
}
Event: 9.756 GC heap after
{Heap after GC invocations=2 (full 0):
 garbage-first heap   total 65536K, used 8851K [0x00000000c1400000, 0x0000000100000000)
  region size 1024K, 5 young (5120K), 5 survivors (5120K)
 Metaspace       used 15855K, capacity 16000K, committed 16256K, reserved 1064960K
  class space    used 1529K, capacity 1578K, committed 1664K, reserved 1048576K
}

Deoptimization events (20 events):
Event: 8.033 Thread 0x0000025f3725e000 Uncommon trap: trap_request=0xffffff4d fr.pc=0x0000025f4483c854 relative=0x0000000000000514
Event: 8.033 Thread 0x0000025f3725e000 Uncommon trap: reason=unstable_if action=reinterpret pc=0x0000025f4483c854 method=java.util.ArrayList.newCapacity(I)I @ 25 c2
Event: 8.033 Thread 0x0000025f3725e000 DEOPT PACKING pc=0x0000025f4483c854 sp=0x000000feb77fdc60
Event: 8.033 Thread 0x0000025f3725e000 DEOPT UNPACKING pc=0x0000025f3cd66ca9 sp=0x000000feb77fda80 mode 2
Event: 8.308 Thread 0x0000025f3725e000 Uncommon trap: trap_request=0xffffffc6 fr.pc=0x0000025f4483152c relative=0x00000000000004ac
Event: 8.308 Thread 0x0000025f3725e000 Uncommon trap: reason=bimorphic_or_optimized_type_check action=maybe_recompile pc=0x0000025f4483152c method=kotlin.reflect.jvm.internal.impl.protobuf.CodedInputStream.tryRefillBuffer(I)Z @ 175 c2
Event: 8.308 Thread 0x0000025f3725e000 DEOPT PACKING pc=0x0000025f4483152c sp=0x000000feb77fbdb0
Event: 8.308 Thread 0x0000025f3725e000 DEOPT UNPACKING pc=0x0000025f3cd66ca9 sp=0x000000feb77fbc98 mode 2
Event: 9.604 Thread 0x0000025f3725e000 Uncommon trap: trap_request=0xffffff4d fr.pc=0x0000025f44831e6c relative=0x00000000000001cc
Event: 9.604 Thread 0x0000025f3725e000 Uncommon trap: reason=unstable_if action=reinterpret pc=0x0000025f44831e6c method=java.lang.String.startsWith(Ljava/lang/String;I)Z @ 14 c2
Event: 9.604 Thread 0x0000025f3725e000 DEOPT PACKING pc=0x0000025f44831e6c sp=0x000000feb77fee50
Event: 9.604 Thread 0x0000025f3725e000 DEOPT UNPACKING pc=0x0000025f3cd66ca9 sp=0x000000feb77fed60 mode 2
Event: 9.604 Thread 0x0000025f3725e000 Uncommon trap: trap_request=0xffffff4d fr.pc=0x0000025f44823cec relative=0x000000000000022c
Event: 9.604 Thread 0x0000025f3725e000 Uncommon trap: reason=unstable_if action=reinterpret pc=0x0000025f44823cec method=java.lang.String.startsWith(Ljava/lang/String;I)Z @ 14 c2
Event: 9.604 Thread 0x0000025f3725e000 DEOPT PACKING pc=0x0000025f44823cec sp=0x000000feb77fede0
Event: 9.604 Thread 0x0000025f3725e000 DEOPT UNPACKING pc=0x0000025f3cd66ca9 sp=0x000000feb77fed60 mode 2
Event: 9.858 Thread 0x0000025f3725e000 Uncommon trap: trap_request=0xffffff4d fr.pc=0x0000025f44827dfc relative=0x00000000000000bc
Event: 9.858 Thread 0x0000025f3725e000 Uncommon trap: reason=unstable_if action=reinterpret pc=0x0000025f44827dfc method=java.lang.Integer.valueOf(I)Ljava/lang/Integer; @ 3 c2
Event: 9.858 Thread 0x0000025f3725e000 DEOPT PACKING pc=0x0000025f44827dfc sp=0x000000feb77fcf50
Event: 9.858 Thread 0x0000025f3725e000 DEOPT UNPACKING pc=0x0000025f3cd66ca9 sp=0x000000feb77fcee8 mode 2

Classes redefined (0 events):
No events

Internal exceptions (1 events):
Event: 10.474 Thread 0x0000025f3725e000 Exception <a 'java/lang/NoSuchMethodError'{0x00000000c5045e90}: 'int java.lang.invoke.DirectMethodHandle$Holder.invokeSpecialIFC(java.lang.Object, java.lang.Object, int)'> (0x00000000c5045e90) thrown at [./src/hotspot/share/interpreter/linkResolver.cpp, line 773]

Events (20 events):
Event: 10.815 loading class org/jetbrains/kotlin/it/unimi/dsi/fastutil/objects/ReferenceCollection
Event: 10.815 loading class org/jetbrains/kotlin/it/unimi/dsi/fastutil/objects/ReferenceCollection done
Event: 10.815 loading class org/jetbrains/kotlin/it/unimi/dsi/fastutil/objects/ObjectIterable
Event: 10.815 loading class org/jetbrains/kotlin/it/unimi/dsi/fastutil/objects/ObjectIterable done
Event: 10.817 loading class org/jetbrains/kotlin/it/unimi/dsi/fastutil/objects/AbstractReferenceCollection
Event: 10.817 loading class org/jetbrains/kotlin/it/unimi/dsi/fastutil/objects/AbstractReferenceCollection done
Event: 10.818 loading class java/lang/CloneNotSupportedException
Event: 10.818 loading class java/lang/CloneNotSupportedException done
Event: 10.818 loading class java/lang/InternalError
Event: 10.819 loading class java/lang/InternalError done
Event: 10.819 loading class org/jetbrains/kotlin/it/unimi/dsi/fastutil/objects/ObjectIterator
Event: 10.819 loading class org/jetbrains/kotlin/it/unimi/dsi/fastutil/objects/ObjectIterator done
Event: 10.819 loading class org/jetbrains/kotlin/it/unimi/dsi/fastutil/HashCommon
Event: 10.819 loading class org/jetbrains/kotlin/it/unimi/dsi/fastutil/HashCommon done
Event: 10.820 loading class java/lang/StrictMath
Event: 10.821 loading class java/lang/StrictMath done
Event: 10.821 loading class org/jetbrains/kotlin/it/unimi/dsi/fastutil/objects/Reference2ObjectOpenHashMap
Event: 10.821 loading class org/jetbrains/kotlin/it/unimi/dsi/fastutil/objects/Reference2ObjectOpenHashMap done
Event: 10.823 loading class org/jetbrains/kotlin/it/unimi/dsi/fastutil/objects/AbstractReference2ObjectMap
Event: 10.823 loading class org/jetbrains/kotlin/it/unimi/dsi/fastutil/objects/AbstractReference2ObjectMap done


Dynamic libraries:
0x00007ff657420000 - 0x00007ff65742a000 	C:\Program Files\Android\Android Studio\jre\bin\java.exe
0x00007fff535f0000 - 0x00007fff537e5000 	C:\WINDOWS\SYSTEM32\ntdll.dll
0x00007fff52fc0000 - 0x00007fff5307e000 	C:\WINDOWS\System32\KERNEL32.DLL
0x00007fff51280000 - 0x00007fff51549000 	C:\WINDOWS\System32\KERNELBASE.dll
0x00007fff51180000 - 0x00007fff51280000 	C:\WINDOWS\System32\ucrtbase.dll
0x00007fff4c400000 - 0x00007fff4c419000 	C:\Program Files\Android\Android Studio\jre\bin\jli.dll
0x00007fff52420000 - 0x00007fff525c1000 	C:\WINDOWS\System32\USER32.dll
0x00007fff50dc0000 - 0x00007fff50de2000 	C:\WINDOWS\System32\win32u.dll
0x00007fff51de0000 - 0x00007fff51e0b000 	C:\WINDOWS\System32\GDI32.dll
0x00007fff50df0000 - 0x00007fff50efb000 	C:\WINDOWS\System32\gdi32full.dll
0x00007fff515a0000 - 0x00007fff5163d000 	C:\WINDOWS\System32\msvcp_win.dll
0x00007fff3c800000 - 0x00007fff3c817000 	C:\Program Files\Android\Android Studio\jre\bin\VCRUNTIME140.dll
0x00007fff3aae0000 - 0x00007fff3ad7a000 	C:\WINDOWS\WinSxS\amd64_microsoft.windows.common-controls_6595b64144ccf1df_6.0.19041.1110_none_60b5254171f9507e\COMCTL32.dll
0x00007fff52020000 - 0x00007fff520be000 	C:\WINDOWS\System32\msvcrt.dll
0x00007fff516a0000 - 0x00007fff516d0000 	C:\WINDOWS\System32\IMM32.DLL
0x00007fff3a400000 - 0x00007fff3a49d000 	C:\Program Files\Android\Android Studio\jre\bin\msvcp140.dll
0x00007ffef53f0000 - 0x00007ffef5ebf000 	C:\Program Files\Android\Android Studio\jre\bin\server\jvm.dll
0x00007fff53080000 - 0x00007fff5312c000 	C:\WINDOWS\System32\ADVAPI32.dll
0x00007fff51cb0000 - 0x00007fff51d4b000 	C:\WINDOWS\System32\sechost.dll
0x00007fff51a40000 - 0x00007fff51b6a000 	C:\WINDOWS\System32\RPCRT4.dll
0x00007fff51a30000 - 0x00007fff51a38000 	C:\WINDOWS\System32\PSAPI.DLL
0x00007fff1b8b0000 - 0x00007fff1b8b9000 	C:\WINDOWS\SYSTEM32\WSOCK32.dll
0x00007fff51fb0000 - 0x00007fff5201b000 	C:\WINDOWS\System32\WS2_32.dll
0x00007fff49d10000 - 0x00007fff49d37000 	C:\WINDOWS\SYSTEM32\WINMM.dll
0x00007fff415c0000 - 0x00007fff415ca000 	C:\WINDOWS\SYSTEM32\VERSION.dll
0x00007fff4f910000 - 0x00007fff4f922000 	C:\WINDOWS\SYSTEM32\kernel.appcore.dll
0x00007fff1b470000 - 0x00007fff1b481000 	C:\Program Files\Android\Android Studio\jre\bin\verify.dll
0x00007fff4eb20000 - 0x00007fff4ed04000 	C:\WINDOWS\SYSTEM32\DBGHELP.DLL
0x00007fff41510000 - 0x00007fff4153c000 	C:\WINDOWS\SYSTEM32\dbgcore.DLL
0x00007fff51060000 - 0x00007fff510e3000 	C:\WINDOWS\System32\bcryptPrimitives.dll
0x00007fff090d0000 - 0x00007fff090f9000 	C:\Program Files\Android\Android Studio\jre\bin\java.dll
0x00007fff1b4d0000 - 0x00007fff1b4db000 	C:\Program Files\Android\Android Studio\jre\bin\jimage.dll
0x00007fff0df70000 - 0x00007fff0df88000 	C:\Program Files\Android\Android Studio\jre\bin\zip.dll
0x00007fff527a0000 - 0x00007fff52edf000 	C:\WINDOWS\System32\SHELL32.dll
0x00007fff4edd0000 - 0x00007fff4f560000 	C:\WINDOWS\SYSTEM32\windows.storage.dll
0x00007fff520c0000 - 0x00007fff52415000 	C:\WINDOWS\System32\combase.dll
0x00007fff50690000 - 0x00007fff506bc000 	C:\WINDOWS\SYSTEM32\Wldp.dll
0x00007fff51f00000 - 0x00007fff51fae000 	C:\WINDOWS\System32\SHCORE.dll
0x00007fff519d0000 - 0x00007fff51a25000 	C:\WINDOWS\System32\shlwapi.dll
0x00007fff50c50000 - 0x00007fff50c6f000 	C:\WINDOWS\SYSTEM32\profapi.dll
0x00007fff05c50000 - 0x00007fff05c6a000 	C:\Program Files\Android\Android Studio\jre\bin\net.dll
0x00007fff47140000 - 0x00007fff47248000 	C:\WINDOWS\SYSTEM32\WINHTTP.dll
0x00007fff503f0000 - 0x00007fff5045a000 	C:\WINDOWS\system32\mswsock.dll
0x00007fff02150000 - 0x00007fff02164000 	C:\Program Files\Android\Android Studio\jre\bin\nio.dll

dbghelp: loaded successfully - version: 4.0.5 - missing functions: none
symbol engine: initialized successfully - sym options: 0x614 - pdb path: .;C:\Program Files\Android\Android Studio\jre\bin;C:\WINDOWS\SYSTEM32;C:\WINDOWS\WinSxS\amd64_microsoft.windows.common-controls_6595b64144ccf1df_6.0.19041.1110_none_60b5254171f9507e;C:\Program Files\Android\Android Studio\jre\bin\server

VM Arguments:
java_command: org.jetbrains.kotlin.cli.jvm.K2JVMCompiler @C:\Users\Aldair\Desktop\ProyectosAppsMoviles\AppEjemplo1\app\build\20210922_1890946423709585059.compiler.options
java_class_path (initial): C:\Users\Aldair\.gradle\caches\modules-2\files-2.1\org.jetbrains.kotlin\kotlin-compiler-embeddable\1.5.30\3362a354066df1578a057c200da23cf2a1d8144f\kotlin-compiler-embeddable-1.5.30.jar;C:\Users\Aldair\.gradle\caches\modules-2\files-2.1\org.jetbrains.kotlin\kotlin-reflect\1.5.30\6773e974437dd6432aa646cc2f8ab71de42b5773\kotlin-reflect-1.5.30.jar;C:\Users\Aldair\.gradle\caches\modules-2\files-2.1\org.jetbrains.kotlin\kotlin-stdlib\1.5.30\d68efdea04955974ac1020f8f66ef8176bfbce1f\kotlin-stdlib-1.5.30.jar;C:\Users\Aldair\.gradle\caches\modules-2\files-2.1\org.jetbrains.kotlin\kotlin-script-runtime\1.5.30\10697ab20bfd2f1b23baa91306950c36c4e89a8d\kotlin-script-runtime-1.5.30.jar;C:\Users\Aldair\.gradle\caches\modules-2\files-2.1\org.jetbrains.kotlin\kotlin-daemon-embeddable\1.5.30\e355dc9011e559a475608265607948109e113ae0\kotlin-daemon-embeddable-1.5.30.jar;C:\Users\Aldair\.gradle\caches\modules-2\files-2.1\org.jetbrains.intellij.deps\trove4j\1.0.20181211\216c2e14b070f334479d800987affe4054cd563f\trove4j-1.0.20181211.jar;C:\Users\Aldair\.gradle\caches\modules-2\files-2.1\org.jetbrains\annotations\13.0\919f0dfe192fb4e063e7dacadee7f8bb9a2672a9\annotations-13.0.jar;C:\Users\Aldair\.gradle\caches\modules-2\files-2.1\org.jetbrains.kotlin\kotlin-stdlib-common\1.5.30\649ffab7767038323fec0cc41e2d7b0a8f65a378\kotlin-stdlib-common-1.5.30.jar
Launcher Type: SUN_STANDARD

[Global flags]
     intx CICompilerCount                          = 2                                         {product} {ergonomic}
     uint ConcGCThreads                            = 1                                         {product} {ergonomic}
     uint G1ConcRefinementThreads                  = 2                                         {product} {ergonomic}
   size_t G1HeapRegionSize                         = 1048576                                   {product} {ergonomic}
    uintx GCDrainStackTargetSize                   = 64                                        {product} {ergonomic}
   size_t InitialHeapSize                          = 67108864                                  {product} {ergonomic}
   size_t MarkStackSize                            = 4194304                                   {product} {ergonomic}
   size_t MaxHeapSize                              = 1052770304                                {product} {ergonomic}
   size_t MaxNewSize                               = 631242752                                 {product} {ergonomic}
   size_t MinHeapDeltaBytes                        = 1048576                                   {product} {ergonomic}
    uintx NonNMethodCodeHeapSize                   = 5825164                                {pd product} {ergonomic}
    uintx NonProfiledCodeHeapSize                  = 122916538                              {pd product} {ergonomic}
    uintx ProfiledCodeHeapSize                     = 122916538                              {pd product} {ergonomic}
    uintx ReservedCodeCacheSize                    = 251658240                              {pd product} {ergonomic}
     bool SegmentedCodeCache                       = true                                      {product} {ergonomic}
     bool UseCompressedClassPointers               = true                                 {lp64_product} {ergonomic}
     bool UseCompressedOops                        = true                                 {lp64_product} {ergonomic}
     bool UseG1GC                                  = true                                      {product} {ergonomic}
     bool UseLargePagesIndividualAllocation        = false                                  {pd product} {ergonomic}

Logging:
Log output configuration:
 #0: stdout all=warning uptime,level,tags
 #1: stderr all=off uptime,level,tags

Environment Variables:
PATH=C:\Program Files\Microsoft MPI\Bin\;C:\Program Files (x86)\Embarcadero\Studio\20.0\bin;C:\Users\Public\Documents\Embarcadero\Studio\20.0\Bpl;C:\Program Files (x86)\Embarcadero\Studio\20.0\bin64;C:\Users\Public\Documents\Embarcadero\Studio\20.0\Bpl\Win64;C:\ProgramData\Oracle\Java\javapath;C:\Program Files (x86)\Common Files\Oracle\Java\javapath;C:\Program Files (x86)\Intel\TXE Components\TCS\;C:\Program Files\Intel\TXE Components\TCS\;C:\WINDOWS\system32;C:\WINDOWS;C:\WINDOWS\System32\Wbem;C:\WINDOWS\System32\WindowsPowerShell\v1.0\;C:\Program Files\Intel\TXE Components\DAL\;C:\Program Files (x86)\Intel\TXE Components\DAL\;C:\Program Files\Intel\TXE Components\IPT\;C:\Program Files (x86)\Intel\TXE Components\IPT\;C:\WINDOWS\System32\OpenSSH\;C:\Program Files\PuTTY\;C:\xampp\php;C:\Program Files\Git\cmd;C:\Program Files\Git\mingw64\bin;C:\Program Files\Git\usr\bin;C:\WINDOWS\SysWOW64\;C:\WINDOWS\SysWOW64\1033;C:\Program Files (x86)\Microsoft SQL Server\150\Tools\Binn\;C:\Program Files\Microsoft SQL Server\150\Tools\Binn\;C:\Program Files (x86)\Microsoft SQL Server\150\DTS\Binn\;C:\Program Files\Microsoft SQL Server\150\DTS\Binn\;C:\Program Files\Microsoft SQL Server\Client SDK\ODBC\170\Tools\Binn\;C:\Program Files\Azure Data Studio\bin;C:\Program Files\dotnet\;C:\Program Files\nodejs\;C:\Program Files\Microsoft SQL Server\130\Tools\Binn\;C:\Program Files (x86)\ZeroTier\One\;C:\Users\Aldair\AppData\Roaming\npm;C:\Program Files\Java\jdk1.8.0_251\bin;C:\Program Files\MySQL\MySQL Shell 8.0\bin\;C:\Users\Aldair\AppData\Local\Programs\Python\Python38-32\Scripts\;C:\Users\Aldair\AppData\Local\Programs\Python\Python38-32\;C:\Users\Aldair\AppData\Local\Programs\Python\Python37-32\Scripts\;C:\Users\Aldair\AppData\Local\Programs\Python\Python37-32\;C:\Users\Aldair\AppData\Local\Microsoft\WindowsApps;C:\Users\Aldair\AppData\Local\Programs\Microsoft VS Code\bin;C:\Program Files\Azure Data Studio\bin;C:\Users\Aldair\.dotnet\tools;C:\Users\Aldair\AppData\Roaming\npm;C:\Program Fi
USERNAME=Aldair
OS=Windows_NT
PROCESSOR_IDENTIFIER=Intel64 Family 6 Model 76 Stepping 4, GenuineIntel



---------------  S Y S T E M  ---------------

OS: Windows 10 , 64 bit Build 19041 (10.0.19041.1202)
OS uptime: 0 days 2:23 hours

CPU:total 2 (initial active 2) (2 cores per cpu, 1 threads per core) family 6 model 76 stepping 4 microcode 0x411, cmov, cx8, fxsr, mmx, sse, sse2, sse3, ssse3, sse4.1, sse4.2, popcnt, aes, clmul, erms, 3dnowpref, tsc, tscinvbit

Memory: 4k page, system-wide physical 4009M (657M free)
TotalPageFile size 9361M (AvailPageFile size 1792M)
current process WorkingSet (physical memory assigned to process): 110M, peak: 110M
current process commit charge ("private bytes"): 152M, peak: 152M

vm_info: OpenJDK 64-Bit Server VM (11.0.10+0-b96-7249189) for windows-amd64 JRE (11.0.10+0-b96-7249189), built on Mar 31 2021 21:44:00 by "builder" with MS VC++ 14.0 (VS2015)

END.
